{
  "RSpec": {
    "coverage": {
      "/home/alph/dev/rental-cars/app/models/user.rb": {
        "lines": [
          1,
          1,
          null,
          null
        ]
      },
      "/home/alph/dev/rental-cars/app/models/application_record.rb": {
        "lines": [
          1,
          1,
          null
        ]
      },
      "/home/alph/dev/rental-cars/app/helpers/application_helper.rb": {
        "lines": [
          null,
          null,
          1,
          null
        ]
      },
      "/home/alph/dev/rental-cars/app/models/car_category.rb": {
        "lines": [
          1,
          1,
          1,
          1,
          1,
          1,
          1,
          1,
          null
        ]
      },
      "/home/alph/dev/rental-cars/app/controllers/home_controller.rb": {
        "lines": [
          null,
          null,
          1,
          1,
          41,
          null,
          null
        ]
      },
      "/home/alph/dev/rental-cars/app/controllers/application_controller.rb": {
        "lines": [
          null,
          null,
          1,
          null
        ]
      },
      "/home/alph/dev/rental-cars/app/models/manufacturer.rb": {
        "lines": [
          1,
          1,
          1,
          null
        ]
      },
      "/home/alph/dev/rental-cars/app/controllers/car_categories_controller.rb": {
        "lines": [
          null,
          null,
          1,
          1,
          1,
          null,
          1,
          7,
          null,
          null,
          1,
          null,
          1,
          2,
          null,
          null,
          1,
          null,
          1,
          2,
          2,
          1,
          null,
          1,
          null,
          null,
          null,
          1,
          1,
          1,
          null,
          null,
          1,
          1,
          1,
          1,
          null,
          null,
          1,
          null,
          1,
          3,
          null,
          null,
          null,
          1,
          9,
          null,
          null
        ]
      },
      "/home/alph/dev/rental-cars/app/models/subsidiary.rb": {
        "lines": [
          1,
          1,
          1,
          1,
          null
        ]
      },
      "/home/alph/dev/rental-cars/app/controllers/subsidiaries_controller.rb": {
        "lines": [
          null,
          null,
          1,
          1,
          1,
          null,
          1,
          9,
          null,
          null,
          1,
          null,
          1,
          2,
          null,
          null,
          1,
          null,
          1,
          2,
          2,
          1,
          null,
          1,
          null,
          null,
          null,
          1,
          2,
          1,
          null,
          1,
          null,
          null,
          null,
          1,
          1,
          1,
          1,
          null,
          null,
          1,
          null,
          1,
          4,
          null,
          null,
          1,
          12,
          null,
          null
        ]
      },
      "/home/alph/dev/rental-cars/app/controllers/manufacturers_controller.rb": {
        "lines": [
          null,
          null,
          1,
          1,
          1,
          null,
          1,
          7,
          null,
          null,
          1,
          null,
          1,
          3,
          null,
          null,
          1,
          null,
          1,
          3,
          null,
          3,
          1,
          null,
          2,
          2,
          null,
          null,
          null,
          1,
          3,
          1,
          1,
          null,
          2,
          null,
          null,
          null,
          1,
          null,
          1,
          6,
          null,
          null,
          1,
          14,
          null,
          null
        ]
      },
      "/home/alph/dev/rental-cars/app/controllers/car_models_controller.rb": {
        "lines": [
          null,
          null,
          1,
          1,
          1,
          null,
          1,
          4,
          null,
          null,
          1,
          null,
          1,
          2,
          2,
          2,
          null,
          null,
          1,
          2,
          2,
          1,
          1,
          null,
          1,
          1,
          1,
          null,
          null,
          null,
          1,
          null,
          1,
          2,
          null,
          null,
          null,
          1,
          1,
          null,
          null
        ]
      },
      "/home/alph/dev/rental-cars/app/models/car_model.rb": {
        "lines": [
          1,
          1,
          1,
          1,
          1,
          1,
          1,
          1,
          1,
          1,
          null
        ]
      },
      "/home/alph/dev/rental-cars/app/controllers/cars_controller.rb": {
        "lines": [
          null,
          null,
          1,
          1,
          1,
          2,
          null,
          null,
          1,
          null,
          1,
          1,
          1,
          1,
          null,
          null,
          1,
          1,
          1,
          1,
          1,
          null,
          0,
          0,
          0,
          null,
          null,
          null,
          1,
          null,
          1,
          1,
          null,
          null,
          1,
          1,
          null,
          null,
          null
        ]
      },
      "/home/alph/dev/rental-cars/app/models/car.rb": {
        "lines": [
          1,
          1,
          1,
          1,
          null,
          1,
          4,
          null,
          null
        ]
      },
      "/home/alph/dev/rental-cars/app/models/rental.rb": {
        "lines": [
          1,
          1,
          1,
          1,
          1,
          1,
          1,
          1,
          1,
          1,
          1,
          1,
          null,
          1,
          null,
          1,
          12,
          4,
          null,
          null,
          null,
          1,
          12,
          3,
          null,
          null,
          null,
          1,
          12,
          3,
          null,
          null,
          null,
          1,
          12,
          null,
          null,
          null,
          null,
          null,
          null,
          1,
          12,
          null,
          null,
          null,
          null,
          1,
          12,
          null,
          null
        ]
      },
      "/home/alph/dev/rental-cars/app/models/client.rb": {
        "lines": [
          1,
          1,
          1,
          1,
          1,
          null
        ]
      },
      "/home/alph/dev/rental-cars/app/controllers/rentals_controller.rb": {
        "lines": [
          null,
          null,
          1,
          1,
          1,
          1,
          7,
          null,
          null,
          1,
          null,
          1,
          4,
          4,
          4,
          null,
          null,
          1,
          4,
          4,
          4,
          0,
          0,
          null,
          4,
          4,
          4,
          null,
          null,
          null,
          1,
          3,
          null,
          null,
          1,
          1,
          1,
          null,
          null,
          1,
          1,
          1,
          1,
          null,
          null,
          null,
          1,
          1,
          1,
          1,
          null,
          0,
          0,
          0,
          null,
          null,
          null,
          1,
          null,
          1,
          4,
          null,
          null,
          null,
          1,
          3,
          null,
          null
        ]
      },
      "/home/alph/dev/rental-cars/app/models/car_rental.rb": {
        "lines": [
          1,
          1,
          1,
          1,
          1,
          1,
          null
        ]
      },
      "/home/alph/dev/rental-cars/app/controllers/clients_controller.rb": {
        "lines": [
          null,
          null,
          1,
          1,
          2,
          null,
          null,
          1,
          1,
          null,
          null,
          1,
          2,
          null,
          null,
          1,
          2,
          2,
          1,
          null,
          1,
          null,
          null,
          null,
          1,
          null,
          1,
          2,
          null,
          null
        ]
      },
      "/home/alph/dev/rental-cars/app/controllers/api/v1/cars_controller.rb": {
        "lines": [
          1,
          null,
          1,
          1,
          1,
          null,
          null,
          1,
          1,
          1,
          null,
          null,
          1,
          2,
          1,
          null,
          1,
          null,
          null,
          1,
          2,
          2,
          1,
          null,
          1,
          null,
          2,
          null,
          1,
          null,
          1,
          2,
          null,
          null,
          null
        ]
      },
      "/home/alph/dev/rental-cars/app/controllers/api/v1/api_controller.rb": {
        "lines": [
          1,
          null
        ]
      },
      "/home/alph/dev/rental-cars/app/controllers/api/v1/rentals_controller.rb": {
        "lines": [
          1,
          1,
          1,
          1,
          null,
          null,
          1,
          1,
          1,
          1,
          1,
          null,
          0,
          null,
          null,
          1,
          null,
          1,
          1,
          null,
          null,
          null
        ]
      },
      "/home/alph/dev/rental-cars/app/channels/application_cable/channel.rb": {
        "lines": [
          null,
          null,
          0,
          0,
          0,
          0
        ],
        "branches": {
        }
      },
      "/home/alph/dev/rental-cars/app/channels/application_cable/connection.rb": {
        "lines": [
          null,
          null,
          0,
          0,
          0,
          0
        ],
        "branches": {
        }
      },
      "/home/alph/dev/rental-cars/app/mailers/application_mailer.rb": {
        "lines": [
          null,
          null,
          0,
          0,
          0,
          0
        ],
        "branches": {
        }
      },
      "/home/alph/dev/rental-cars/app/jobs/application_job.rb": {
        "lines": [
          null,
          null,
          0,
          0
        ],
        "branches": {
        }
      }
    },
    "timestamp": 1590525053
  }
}
